[debug] [2018-04-02T13:38:53.005Z] ----------------------------------------------------------------------
[debug] [2018-04-02T13:38:53.008Z] Command:       /usr/local/bin/node /usr/local/bin/firebase serve --only functions,hosting
[debug] [2018-04-02T13:38:53.008Z] CLI Version:   3.17.7
[debug] [2018-04-02T13:38:53.008Z] Platform:      darwin
[debug] [2018-04-02T13:38:53.008Z] Node Version:  v8.11.0
[debug] [2018-04-02T13:38:53.009Z] Time:          Mon Apr 02 2018 08:38:53 GMT-0500 (CDT)
[debug] [2018-04-02T13:38:53.009Z] ----------------------------------------------------------------------
[debug] 
[debug] [2018-04-02T13:38:53.023Z] > command requires scopes: ["email","openid","https://www.googleapis.com/auth/cloudplatformprojects.readonly","https://www.googleapis.com/auth/firebase","https://www.googleapis.com/auth/cloud-platform"]
[debug] [2018-04-02T13:38:53.023Z] > authorizing via signed-in user
[debug] [2018-04-02T13:38:53.025Z] >>> HTTP REQUEST GET https://admin.firebase.com/v1/projects/visualalgorithms-326e6  
  
 Mon Apr 02 2018 08:38:53 GMT-0500 (CDT)
[debug] [2018-04-02T13:38:53.341Z] <<< HTTP RESPONSE 200
[debug] [2018-04-02T13:38:53.342Z] >>> HTTP REQUEST GET https://admin.firebase.com/v1/database/visualalgorithms-326e6/tokens  
  
 Mon Apr 02 2018 08:38:53 GMT-0500 (CDT)
[debug] [2018-04-02T13:38:53.772Z] <<< HTTP RESPONSE 200
[debug] [2018-04-02T13:38:53.774Z] >>> HTTP REQUEST GET https://cloudresourcemanager.googleapis.com/v1/projects/visualalgorithms-326e6  
  
 Mon Apr 02 2018 08:38:53 GMT-0500 (CDT)
[debug] [2018-04-02T13:38:53.938Z] <<< HTTP RESPONSE 200
[info] 
[info] === Serving from '/Users/devlightning0/Documents/GitHub/VisualAlgorithms'...
[info] 
[debug] [2018-04-02T13:38:54.671Z] Error: EACCES: permission denied, mkdir '/usr/local/lib/node_modules/firebase-tools/node_modules/@google-cloud/functions-emulator/logs'
    at Object.fs.mkdirSync (fs.js:885:18)
    at Object.assertLogsPath (/usr/local/lib/node_modules/firebase-tools/node_modules/@google-cloud/functions-emulator/src/emulator/logs.js:65:10)
    at new Controller (/usr/local/lib/node_modules/firebase-tools/node_modules/@google-cloud/functions-emulator/src/cli/controller.js:77:32)
    at FunctionsEmulator.start (/usr/local/lib/node_modules/firebase-tools/lib/functionsEmulator.js:104:21)
    at Object.start (/usr/local/lib/node_modules/firebase-tools/lib/serve/functions.js:9:29)
    at /usr/local/lib/node_modules/firebase-tools/lib/serve/index.js:16:19
    at arrayMap (/usr/local/lib/node_modules/firebase-tools/node_modules/lodash/lodash.js:631:23)
    at Function.map (/usr/local/lib/node_modules/firebase-tools/node_modules/lodash/lodash.js:9546:14)
    at _serve (/usr/local/lib/node_modules/firebase-tools/lib/serve/index.js:14:21)
    at Command._action (/usr/local/lib/node_modules/firebase-tools/commands/serve.js:44:12)
[error] 
[error] Error: An unexpected error has occurred.
[debug] [2018-04-02T13:42:41.025Z] ----------------------------------------------------------------------
[debug] [2018-04-02T13:42:41.027Z] Command:       /usr/local/bin/node /usr/local/bin/firebase serve --only functions,hosting
[debug] [2018-04-02T13:42:41.027Z] CLI Version:   3.17.7
[debug] [2018-04-02T13:42:41.027Z] Platform:      darwin
[debug] [2018-04-02T13:42:41.027Z] Node Version:  v8.11.0
[debug] [2018-04-02T13:42:41.028Z] Time:          Mon Apr 02 2018 08:42:41 GMT-0500 (CDT)
[debug] [2018-04-02T13:42:41.028Z] ----------------------------------------------------------------------
[debug] 
[debug] [2018-04-02T13:42:41.043Z] > command requires scopes: ["email","openid","https://www.googleapis.com/auth/cloudplatformprojects.readonly","https://www.googleapis.com/auth/firebase","https://www.googleapis.com/auth/cloud-platform"]
[debug] [2018-04-02T13:42:41.043Z] > authorizing via signed-in user
[debug] [2018-04-02T13:42:41.045Z] >>> HTTP REQUEST GET https://admin.firebase.com/v1/projects/visualalgorithms-326e6  
  
 Mon Apr 02 2018 08:42:41 GMT-0500 (CDT)
[debug] [2018-04-02T13:42:41.322Z] <<< HTTP RESPONSE 200
[debug] [2018-04-02T13:42:41.322Z] >>> HTTP REQUEST GET https://admin.firebase.com/v1/database/visualalgorithms-326e6/tokens  
  
 Mon Apr 02 2018 08:42:41 GMT-0500 (CDT)
[debug] [2018-04-02T13:42:41.736Z] <<< HTTP RESPONSE 200
[debug] [2018-04-02T13:42:41.737Z] >>> HTTP REQUEST GET https://cloudresourcemanager.googleapis.com/v1/projects/visualalgorithms-326e6  
  
 Mon Apr 02 2018 08:42:41 GMT-0500 (CDT)
[debug] [2018-04-02T13:42:41.954Z] <<< HTTP RESPONSE 200
[info] 
[info] === Serving from '/Users/devlightning0/Documents/GitHub/VisualAlgorithms'...
[info] 
[debug] [2018-04-02T13:42:42.967Z] Error: EACCES: permission denied, mkdir '/usr/local/lib/node_modules/firebase-tools/node_modules/@google-cloud/functions-emulator/logs'
    at Object.fs.mkdirSync (fs.js:885:18)
    at Object.assertLogsPath (/usr/local/lib/node_modules/firebase-tools/node_modules/@google-cloud/functions-emulator/src/emulator/logs.js:65:10)
    at new Controller (/usr/local/lib/node_modules/firebase-tools/node_modules/@google-cloud/functions-emulator/src/cli/controller.js:77:32)
    at FunctionsEmulator.start (/usr/local/lib/node_modules/firebase-tools/lib/functionsEmulator.js:104:21)
    at Object.start (/usr/local/lib/node_modules/firebase-tools/lib/serve/functions.js:9:29)
    at /usr/local/lib/node_modules/firebase-tools/lib/serve/index.js:16:19
    at arrayMap (/usr/local/lib/node_modules/firebase-tools/node_modules/lodash/lodash.js:631:23)
    at Function.map (/usr/local/lib/node_modules/firebase-tools/node_modules/lodash/lodash.js:9546:14)
    at _serve (/usr/local/lib/node_modules/firebase-tools/lib/serve/index.js:14:21)
    at Command._action (/usr/local/lib/node_modules/firebase-tools/commands/serve.js:44:12)
[error] 
[error] Error: An unexpected error has occurred.
[debug] [2018-04-02T13:44:33.539Z] ----------------------------------------------------------------------
[debug] [2018-04-02T13:44:33.542Z] Command:       /usr/local/bin/node /usr/local/bin/firebase serve --only functions,hosting
[debug] [2018-04-02T13:44:33.543Z] CLI Version:   3.17.7
[debug] [2018-04-02T13:44:33.543Z] Platform:      darwin
[debug] [2018-04-02T13:44:33.543Z] Node Version:  v8.11.0
[debug] [2018-04-02T13:44:33.544Z] Time:          Mon Apr 02 2018 08:44:33 GMT-0500 (CDT)
[debug] [2018-04-02T13:44:33.544Z] ----------------------------------------------------------------------
[debug] 
[debug] [2018-04-02T13:44:33.561Z] > command requires scopes: ["email","openid","https://www.googleapis.com/auth/cloudplatformprojects.readonly","https://www.googleapis.com/auth/firebase","https://www.googleapis.com/auth/cloud-platform"]
[debug] [2018-04-02T13:44:33.561Z] > authorizing via signed-in user
[debug] [2018-04-02T13:44:33.563Z] >>> HTTP REQUEST GET https://admin.firebase.com/v1/projects/visualalgorithms-326e6  
  
 Mon Apr 02 2018 08:44:33 GMT-0500 (CDT)
[debug] [2018-04-02T13:44:33.881Z] <<< HTTP RESPONSE 200
[debug] [2018-04-02T13:44:33.882Z] >>> HTTP REQUEST GET https://admin.firebase.com/v1/database/visualalgorithms-326e6/tokens  
  
 Mon Apr 02 2018 08:44:33 GMT-0500 (CDT)
[debug] [2018-04-02T13:44:34.367Z] <<< HTTP RESPONSE 200
[debug] [2018-04-02T13:44:34.368Z] >>> HTTP REQUEST GET https://cloudresourcemanager.googleapis.com/v1/projects/visualalgorithms-326e6  
  
 Mon Apr 02 2018 08:44:34 GMT-0500 (CDT)
[debug] [2018-04-02T13:44:34.588Z] <<< HTTP RESPONSE 200
[info] 
[info] === Serving from '/Users/devlightning0/Documents/GitHub/VisualAlgorithms'...
[info] 
[debug] [2018-04-02T13:44:35.607Z] Error: EACCES: permission denied, mkdir '/usr/local/lib/node_modules/firebase-tools/node_modules/@google-cloud/functions-emulator/logs'
    at Object.fs.mkdirSync (fs.js:885:18)
    at Object.assertLogsPath (/usr/local/lib/node_modules/firebase-tools/node_modules/@google-cloud/functions-emulator/src/emulator/logs.js:65:10)
    at new Controller (/usr/local/lib/node_modules/firebase-tools/node_modules/@google-cloud/functions-emulator/src/cli/controller.js:77:32)
    at FunctionsEmulator.start (/usr/local/lib/node_modules/firebase-tools/lib/functionsEmulator.js:104:21)
    at Object.start (/usr/local/lib/node_modules/firebase-tools/lib/serve/functions.js:9:29)
    at /usr/local/lib/node_modules/firebase-tools/lib/serve/index.js:16:19
    at arrayMap (/usr/local/lib/node_modules/firebase-tools/node_modules/lodash/lodash.js:631:23)
    at Function.map (/usr/local/lib/node_modules/firebase-tools/node_modules/lodash/lodash.js:9546:14)
    at _serve (/usr/local/lib/node_modules/firebase-tools/lib/serve/index.js:14:21)
    at Command._action (/usr/local/lib/node_modules/firebase-tools/commands/serve.js:44:12)
[error] 
[error] Error: An unexpected error has occurred.
[debug] [2018-04-02T13:44:56.818Z] ----------------------------------------------------------------------
[debug] [2018-04-02T13:44:56.821Z] Command:       /usr/local/bin/node /usr/local/bin/firebase serve --only functions,hosting
[debug] [2018-04-02T13:44:56.821Z] CLI Version:   3.17.7
[debug] [2018-04-02T13:44:56.822Z] Platform:      darwin
[debug] [2018-04-02T13:44:56.822Z] Node Version:  v8.11.0
[debug] [2018-04-02T13:44:56.822Z] Time:          Mon Apr 02 2018 08:44:56 GMT-0500 (CDT)
[debug] [2018-04-02T13:44:56.822Z] ----------------------------------------------------------------------
[debug] 
[debug] [2018-04-02T13:44:56.843Z] > command requires scopes: ["email","openid","https://www.googleapis.com/auth/cloudplatformprojects.readonly","https://www.googleapis.com/auth/firebase","https://www.googleapis.com/auth/cloud-platform"]
[debug] [2018-04-02T13:44:56.844Z] > authorizing via signed-in user
[debug] [2018-04-02T13:44:56.846Z] >>> HTTP REQUEST GET https://admin.firebase.com/v1/projects/visualalgorithms-326e6  
  
 Mon Apr 02 2018 08:44:56 GMT-0500 (CDT)
[debug] [2018-04-02T13:44:57.096Z] <<< HTTP RESPONSE 200
[debug] [2018-04-02T13:44:57.097Z] >>> HTTP REQUEST GET https://admin.firebase.com/v1/database/visualalgorithms-326e6/tokens  
  
 Mon Apr 02 2018 08:44:57 GMT-0500 (CDT)
[debug] [2018-04-02T13:44:57.409Z] <<< HTTP RESPONSE 200
[debug] [2018-04-02T13:44:57.411Z] >>> HTTP REQUEST GET https://cloudresourcemanager.googleapis.com/v1/projects/visualalgorithms-326e6  
  
 Mon Apr 02 2018 08:44:57 GMT-0500 (CDT)
[debug] [2018-04-02T13:44:57.562Z] <<< HTTP RESPONSE 200
[info] 
[info] === Serving from '/Users/devlightning0/Documents/GitHub/VisualAlgorithms'...
[info] 
[info] i  functions: Preparing to emulate functions.
[debug] [2018-04-02T13:44:58.403Z] Fetching environment
[debug] [2018-04-02T13:44:58.415Z] >>> HTTP REQUEST GET https://mobilesdk-pa.googleapis.com/v1/projects/652075342890:getServerAppConfig  
  
 Mon Apr 02 2018 08:44:58 GMT-0500 (CDT)
[debug] [2018-04-02T13:44:58.416Z] >>> HTTP REQUEST GET https://mobilesdk-pa.googleapis.com/v1/projects/652075342890/clients/_:getWebAppConfig  
  
 Mon Apr 02 2018 08:44:58 GMT-0500 (CDT)
[debug] [2018-04-02T13:44:58.637Z] <<< HTTP RESPONSE 200
[debug] [2018-04-02T13:44:58.660Z] <<< HTTP RESPONSE 200
[debug] [2018-04-02T13:44:58.660Z] Starting @google-cloud/functions-emulator
[info] i  hosting: Serving hosting files from: dist
[info] ✔  hosting: Local server: http://localhost:5000

[debug] [2018-04-02T13:45:00.229Z] Parsing function triggers
[info] ✔  functions: app: http://localhost:5001/visualalgorithms-326e6/us-central1/app
[info] [hosting] Rewriting /favicon.ico to local function app
[info] [hosting] Rewriting /favicon.ico to local function app
[debug] [2018-04-02T13:46:22.683Z] ----------------------------------------------------------------------
[debug] [2018-04-02T13:46:22.685Z] Command:       /usr/local/bin/node /usr/local/bin/firebase serve --only functions,hosting
[debug] [2018-04-02T13:46:22.686Z] CLI Version:   3.17.7
[debug] [2018-04-02T13:46:22.686Z] Platform:      darwin
[debug] [2018-04-02T13:46:22.686Z] Node Version:  v8.11.0
[debug] [2018-04-02T13:46:22.686Z] Time:          Mon Apr 02 2018 08:46:22 GMT-0500 (CDT)
[debug] [2018-04-02T13:46:22.686Z] ----------------------------------------------------------------------
[debug] 
[debug] [2018-04-02T13:46:22.700Z] > command requires scopes: ["email","openid","https://www.googleapis.com/auth/cloudplatformprojects.readonly","https://www.googleapis.com/auth/firebase","https://www.googleapis.com/auth/cloud-platform"]
[debug] [2018-04-02T13:46:22.701Z] > authorizing via signed-in user
[debug] [2018-04-02T13:46:22.702Z] >>> HTTP REQUEST GET https://admin.firebase.com/v1/projects/visualalgorithms-326e6  
  
 Mon Apr 02 2018 08:46:22 GMT-0500 (CDT)
[debug] [2018-04-02T13:46:22.936Z] <<< HTTP RESPONSE 200
[debug] [2018-04-02T13:46:22.937Z] >>> HTTP REQUEST GET https://admin.firebase.com/v1/database/visualalgorithms-326e6/tokens  
  
 Mon Apr 02 2018 08:46:22 GMT-0500 (CDT)
[debug] [2018-04-02T13:46:23.311Z] <<< HTTP RESPONSE 200
[debug] [2018-04-02T13:46:23.312Z] >>> HTTP REQUEST GET https://cloudresourcemanager.googleapis.com/v1/projects/visualalgorithms-326e6  
  
 Mon Apr 02 2018 08:46:23 GMT-0500 (CDT)
[debug] [2018-04-02T13:46:23.491Z] <<< HTTP RESPONSE 200
[info] 
[info] === Serving from '/Users/devlightning0/Documents/GitHub/VisualAlgorithms'...
[info] 
[info] i  functions: Preparing to emulate functions.
[debug] [2018-04-02T13:46:24.858Z] Fetching environment
[debug] [2018-04-02T13:46:24.863Z] >>> HTTP REQUEST GET https://mobilesdk-pa.googleapis.com/v1/projects/652075342890:getServerAppConfig  
  
 Mon Apr 02 2018 08:46:24 GMT-0500 (CDT)
[debug] [2018-04-02T13:46:24.864Z] >>> HTTP REQUEST GET https://mobilesdk-pa.googleapis.com/v1/projects/652075342890/clients/_:getWebAppConfig  
  
 Mon Apr 02 2018 08:46:24 GMT-0500 (CDT)
[debug] [2018-04-02T13:46:25.114Z] <<< HTTP RESPONSE 200
[warn] ⚠  hosting: Port 5000 is not available. Trying another port...
[debug] [2018-04-02T13:46:25.134Z] >>> HTTP REQUEST GET https://mobilesdk-pa.googleapis.com/v1/projects/652075342890/clients/_:getWebAppConfig  
  
 Mon Apr 02 2018 08:46:25 GMT-0500 (CDT)
[debug] [2018-04-02T13:46:25.184Z] <<< HTTP RESPONSE 200
[debug] [2018-04-02T13:46:25.185Z] Starting @google-cloud/functions-emulator
[debug] [2018-04-02T13:46:25.233Z] Parsing function triggers
[debug] [2018-04-02T13:46:25.408Z] <<< HTTP RESPONSE 200
[info] i  hosting: Serving hosting files from: dist
[info] ✔  hosting: Local server: http://localhost:5004

[debug] [2018-04-02T13:46:52.538Z] ----------------------------------------------------------------------
[debug] [2018-04-02T13:46:52.540Z] Command:       /usr/local/bin/node /usr/local/bin/firebase serve --only functions,hosting
[debug] [2018-04-02T13:46:52.540Z] CLI Version:   3.17.7
[debug] [2018-04-02T13:46:52.540Z] Platform:      darwin
[debug] [2018-04-02T13:46:52.540Z] Node Version:  v8.11.0
[debug] [2018-04-02T13:46:52.541Z] Time:          Mon Apr 02 2018 08:46:52 GMT-0500 (CDT)
[debug] [2018-04-02T13:46:52.541Z] ----------------------------------------------------------------------
[debug] 
[debug] [2018-04-02T13:46:52.553Z] > command requires scopes: ["email","openid","https://www.googleapis.com/auth/cloudplatformprojects.readonly","https://www.googleapis.com/auth/firebase","https://www.googleapis.com/auth/cloud-platform"]
[debug] [2018-04-02T13:46:52.553Z] > authorizing via signed-in user
[debug] [2018-04-02T13:46:52.555Z] >>> HTTP REQUEST GET https://admin.firebase.com/v1/projects/visualalgorithms-326e6  
  
 Mon Apr 02 2018 08:46:52 GMT-0500 (CDT)
[debug] [2018-04-02T13:46:52.801Z] <<< HTTP RESPONSE 200
[debug] [2018-04-02T13:46:52.802Z] >>> HTTP REQUEST GET https://admin.firebase.com/v1/database/visualalgorithms-326e6/tokens  
  
 Mon Apr 02 2018 08:46:52 GMT-0500 (CDT)
[debug] [2018-04-02T13:46:53.103Z] <<< HTTP RESPONSE 200
[debug] [2018-04-02T13:46:53.104Z] >>> HTTP REQUEST GET https://cloudresourcemanager.googleapis.com/v1/projects/visualalgorithms-326e6  
  
 Mon Apr 02 2018 08:46:53 GMT-0500 (CDT)
[debug] [2018-04-02T13:46:53.275Z] <<< HTTP RESPONSE 200
[info] 
[info] === Serving from '/Users/devlightning0/Documents/GitHub/VisualAlgorithms'...
[info] 
[info] i  functions: Preparing to emulate functions.
[debug] [2018-04-02T13:46:53.806Z] Fetching environment
[debug] [2018-04-02T13:46:53.809Z] >>> HTTP REQUEST GET https://mobilesdk-pa.googleapis.com/v1/projects/652075342890:getServerAppConfig  
  
 Mon Apr 02 2018 08:46:53 GMT-0500 (CDT)
[debug] [2018-04-02T13:46:53.809Z] >>> HTTP REQUEST GET https://mobilesdk-pa.googleapis.com/v1/projects/652075342890/clients/_:getWebAppConfig  
  
 Mon Apr 02 2018 08:46:53 GMT-0500 (CDT)
[debug] [2018-04-02T13:46:54.033Z] <<< HTTP RESPONSE 200
[debug] [2018-04-02T13:46:54.034Z] Starting @google-cloud/functions-emulator
[debug] [2018-04-02T13:46:54.071Z] Parsing function triggers
[debug] [2018-04-02T13:46:54.171Z] <<< HTTP RESPONSE 200
[warn] ⚠  hosting: Port 5000 is not available. Trying another port...
[debug] [2018-04-02T13:46:54.199Z] >>> HTTP REQUEST GET https://mobilesdk-pa.googleapis.com/v1/projects/652075342890/clients/_:getWebAppConfig  
  
 Mon Apr 02 2018 08:46:54 GMT-0500 (CDT)
[debug] [2018-04-02T13:46:54.351Z] <<< HTTP RESPONSE 200
[info] i  hosting: Serving hosting files from: dist
[info] ✔  hosting: Local server: http://localhost:5004

[info] [hosting] Rewriting /favicon.ico to local function app
[info] [hosting] Rewriting /favicon.ico to local function app
[info] [hosting] Rewriting /favicon.ico to local function app
[info] [hosting] Rewriting /favicon.ico to local function app
[info] [hosting] Rewriting /favicon.ico to local function app
[info] [hosting] Rewriting /favicon.ico to local function app
[info] [hosting] Rewriting /favicon.ico to local function app
[info] [hosting] Rewriting /favicon.ico to local function app
[info] [hosting] Rewriting /code to local function app
[info] [hosting] Rewriting /code to local function app
[info] [hosting] Rewriting /code to local function app
[info] [hosting] Rewriting /code to local function app
[info] [hosting] Rewriting /code to local function app
[debug] [2018-04-02T13:48:34.278Z] Error while deploy to emulator: Error: read ECONNRESET
    at _errnoException (util.js:1022:11)
    at TCP.onread (net.js:628:25)
[warn] ⚠  functions: Failed to emulate app
[debug] [2018-04-02T13:48:34.290Z] Error: write EIO
    at _errnoException (util.js:1022:11)
    at WriteWrap.afterWrite [as oncomplete] (net.js:880:14)
[error] 
[error] Error: An unexpected error has occurred.
[debug] [2018-04-02T13:48:34.291Z] Error: write EIO
    at _errnoException (util.js:1022:11)
    at WriteWrap.afterWrite [as oncomplete] (net.js:880:14)
[error] 
[error] Error: An unexpected error has occurred.
[debug] [2018-04-02T13:53:43.683Z] ----------------------------------------------------------------------
[debug] [2018-04-02T13:53:43.686Z] Command:       /usr/local/bin/node /usr/local/bin/firebase serve --only functions,hosting
[debug] [2018-04-02T13:53:43.686Z] CLI Version:   3.17.7
[debug] [2018-04-02T13:53:43.686Z] Platform:      darwin
[debug] [2018-04-02T13:53:43.686Z] Node Version:  v8.11.0
[debug] [2018-04-02T13:53:43.687Z] Time:          Mon Apr 02 2018 08:53:43 GMT-0500 (CDT)
[debug] [2018-04-02T13:53:43.687Z] ----------------------------------------------------------------------
[debug] 
[debug] [2018-04-02T13:53:43.699Z] > command requires scopes: ["email","openid","https://www.googleapis.com/auth/cloudplatformprojects.readonly","https://www.googleapis.com/auth/firebase","https://www.googleapis.com/auth/cloud-platform"]
[debug] [2018-04-02T13:53:43.699Z] > authorizing via signed-in user
[debug] [2018-04-02T13:53:43.701Z] >>> HTTP REQUEST GET https://admin.firebase.com/v1/projects/visualalgorithms-326e6  
  
 Mon Apr 02 2018 08:53:43 GMT-0500 (CDT)
[debug] [2018-04-02T13:53:44.056Z] <<< HTTP RESPONSE 200
[debug] [2018-04-02T13:53:44.057Z] >>> HTTP REQUEST GET https://admin.firebase.com/v1/database/visualalgorithms-326e6/tokens  
  
 Mon Apr 02 2018 08:53:44 GMT-0500 (CDT)
[debug] [2018-04-02T13:53:44.527Z] <<< HTTP RESPONSE 200
[debug] [2018-04-02T13:53:44.528Z] >>> HTTP REQUEST GET https://cloudresourcemanager.googleapis.com/v1/projects/visualalgorithms-326e6  
  
 Mon Apr 02 2018 08:53:44 GMT-0500 (CDT)
[debug] [2018-04-02T13:53:44.686Z] <<< HTTP RESPONSE 200
[info] 
[info] === Serving from '/Users/devlightning0/Documents/GitHub/VisualAlgorithms'...
[info] 
[info] i  functions: Preparing to emulate functions.
[debug] [2018-04-02T13:53:45.288Z] Fetching environment
[debug] [2018-04-02T13:53:45.412Z] Error: EACCES: permission denied, open '/Users/devlightning0/.config/gcloud/application_default_credentials.json'
    at Object.fs.openSync (fs.js:646:18)
    at Object.fs.writeFileSync (fs.js:1299:33)
    at module.exports (/usr/local/lib/node_modules/firebase-tools/lib/ensureDefaultCredentials.js:39:6)
    at FunctionsEmulator.start (/usr/local/lib/node_modules/firebase-tools/lib/functionsEmulator.js:109:3)
    at Object.start (/usr/local/lib/node_modules/firebase-tools/lib/serve/functions.js:9:29)
    at /usr/local/lib/node_modules/firebase-tools/lib/serve/index.js:16:19
    at arrayMap (/usr/local/lib/node_modules/firebase-tools/node_modules/lodash/lodash.js:631:23)
    at Function.map (/usr/local/lib/node_modules/firebase-tools/node_modules/lodash/lodash.js:9546:14)
    at _serve (/usr/local/lib/node_modules/firebase-tools/lib/serve/index.js:14:21)
    at Command._action (/usr/local/lib/node_modules/firebase-tools/commands/serve.js:44:12)
[error] 
[error] Error: An unexpected error has occurred.
[debug] [2018-04-02T13:53:59.297Z] ----------------------------------------------------------------------
[debug] [2018-04-02T13:53:59.300Z] Command:       /usr/local/bin/node /usr/local/bin/firebase serve --only functions,hosting
[debug] [2018-04-02T13:53:59.300Z] CLI Version:   3.17.7
[debug] [2018-04-02T13:53:59.300Z] Platform:      darwin
[debug] [2018-04-02T13:53:59.300Z] Node Version:  v8.11.0
[debug] [2018-04-02T13:53:59.301Z] Time:          Mon Apr 02 2018 08:53:59 GMT-0500 (CDT)
[debug] [2018-04-02T13:53:59.301Z] ----------------------------------------------------------------------
[debug] 
[debug] [2018-04-02T13:53:59.312Z] > command requires scopes: ["email","openid","https://www.googleapis.com/auth/cloudplatformprojects.readonly","https://www.googleapis.com/auth/firebase","https://www.googleapis.com/auth/cloud-platform"]
[debug] [2018-04-02T13:53:59.312Z] > authorizing via signed-in user
[debug] [2018-04-02T13:53:59.314Z] >>> HTTP REQUEST GET https://admin.firebase.com/v1/projects/visualalgorithms-326e6  
  
 Mon Apr 02 2018 08:53:59 GMT-0500 (CDT)
[debug] [2018-04-02T13:53:59.496Z] <<< HTTP RESPONSE 200
[debug] [2018-04-02T13:53:59.497Z] >>> HTTP REQUEST GET https://admin.firebase.com/v1/database/visualalgorithms-326e6/tokens  
  
 Mon Apr 02 2018 08:53:59 GMT-0500 (CDT)
[debug] [2018-04-02T13:53:59.737Z] <<< HTTP RESPONSE 200
[debug] [2018-04-02T13:53:59.738Z] >>> HTTP REQUEST GET https://cloudresourcemanager.googleapis.com/v1/projects/visualalgorithms-326e6  
  
 Mon Apr 02 2018 08:53:59 GMT-0500 (CDT)
[debug] [2018-04-02T13:53:59.890Z] <<< HTTP RESPONSE 200
[info] 
[info] === Serving from '/Users/devlightning0/Documents/GitHub/VisualAlgorithms'...
[info] 
[info] i  functions: Preparing to emulate functions.
[debug] [2018-04-02T13:54:00.428Z] Fetching environment
[debug] [2018-04-02T13:54:00.431Z] >>> HTTP REQUEST GET https://mobilesdk-pa.googleapis.com/v1/projects/652075342890:getServerAppConfig  
  
 Mon Apr 02 2018 08:54:00 GMT-0500 (CDT)
[debug] [2018-04-02T13:54:00.431Z] >>> HTTP REQUEST GET https://mobilesdk-pa.googleapis.com/v1/projects/652075342890/clients/_:getWebAppConfig  
  
 Mon Apr 02 2018 08:54:00 GMT-0500 (CDT)
[debug] [2018-04-02T13:54:00.703Z] <<< HTTP RESPONSE 200
[debug] [2018-04-02T13:54:00.703Z] Starting @google-cloud/functions-emulator
[debug] [2018-04-02T13:54:00.735Z] <<< HTTP RESPONSE 200
[info] i  hosting: Serving hosting files from: dist
[info] ✔  hosting: Local server: http://localhost:5000

[debug] [2018-04-02T13:54:02.268Z] Parsing function triggers
[info] ✔  functions: app: http://localhost:5001/visualalgorithms-326e6/us-central1/app
[info] [hosting] Rewriting /favicon.ico to local function app
[info] [hosting] Rewriting /code to local function app
[info] [hosting] Rewriting /favicon.ico to local function app
[info] [hosting] Rewriting /favicon.ico to local function app
[info] [hosting] Rewriting /code to local function app
[info] [hosting] Rewriting /favicon.ico to local function app
[debug] [2018-04-02T14:22:42.685Z] ----------------------------------------------------------------------
[debug] [2018-04-02T14:22:42.688Z] Command:       /usr/local/bin/node /usr/local/bin/firebase serve --only functions,hosting
[debug] [2018-04-02T14:22:42.688Z] CLI Version:   3.17.7
[debug] [2018-04-02T14:22:42.688Z] Platform:      darwin
[debug] [2018-04-02T14:22:42.688Z] Node Version:  v8.11.0
[debug] [2018-04-02T14:22:42.689Z] Time:          Mon Apr 02 2018 09:22:42 GMT-0500 (CDT)
[debug] [2018-04-02T14:22:42.689Z] ----------------------------------------------------------------------
[debug] 
[debug] [2018-04-02T14:22:42.705Z] > command requires scopes: ["email","openid","https://www.googleapis.com/auth/cloudplatformprojects.readonly","https://www.googleapis.com/auth/firebase","https://www.googleapis.com/auth/cloud-platform"]
[debug] [2018-04-02T14:22:42.705Z] > authorizing via signed-in user
[debug] [2018-04-02T14:22:42.707Z] > refreshing access token with scopes: ["email","https://www.googleapis.com/auth/cloud-platform","https://www.googleapis.com/auth/cloudplatformprojects.readonly","https://www.googleapis.com/auth/firebase","openid"]
[debug] [2018-04-02T14:22:42.708Z] >>> HTTP REQUEST POST https://www.googleapis.com/oauth2/v3/token  
 { refresh_token: '1/UfxTIgSdm_UkBo7V9Ar8VPNFbfu0NI0NsGtiv6X0p4k',
  client_id: '563584335869-fgrhgmd47bqnekij5i8b5pr03ho849e6.apps.googleusercontent.com',
  client_secret: 'j9iVZfS8kkCEFUPaAeJV0sAi',
  grant_type: 'refresh_token',
  scope: 'email https://www.googleapis.com/auth/cloud-platform https://www.googleapis.com/auth/cloudplatformprojects.readonly https://www.googleapis.com/auth/firebase openid' } 
 Mon Apr 02 2018 09:22:42 GMT-0500 (CDT)
[debug] [2018-04-02T14:22:42.863Z] <<< HTTP RESPONSE 200
[debug] [2018-04-02T14:22:42.890Z] >>> HTTP REQUEST GET https://admin.firebase.com/v1/projects/visualalgorithms-326e6  
  
 Mon Apr 02 2018 09:22:42 GMT-0500 (CDT)
[debug] [2018-04-02T14:22:43.195Z] <<< HTTP RESPONSE 200
[debug] [2018-04-02T14:22:43.196Z] >>> HTTP REQUEST GET https://admin.firebase.com/v1/database/visualalgorithms-326e6/tokens  
  
 Mon Apr 02 2018 09:22:43 GMT-0500 (CDT)
[debug] [2018-04-02T14:22:43.498Z] <<< HTTP RESPONSE 200
[debug] [2018-04-02T14:22:43.499Z] >>> HTTP REQUEST GET https://cloudresourcemanager.googleapis.com/v1/projects/visualalgorithms-326e6  
  
 Mon Apr 02 2018 09:22:43 GMT-0500 (CDT)
[debug] [2018-04-02T14:22:43.656Z] <<< HTTP RESPONSE 200
[info] 
[info] === Serving from '/Users/devlightning0/Documents/GitHub/VisualAlgorithms'...
[info] 
[info] i  functions: Preparing to emulate functions.
[debug] [2018-04-02T14:22:44.584Z] Fetching environment
[debug] [2018-04-02T14:22:44.714Z] Error: EACCES: permission denied, open '/Users/devlightning0/.config/gcloud/application_default_credentials.json'
    at Object.fs.openSync (fs.js:646:18)
    at Object.fs.writeFileSync (fs.js:1299:33)
    at module.exports (/usr/local/lib/node_modules/firebase-tools/lib/ensureDefaultCredentials.js:39:6)
    at FunctionsEmulator.start (/usr/local/lib/node_modules/firebase-tools/lib/functionsEmulator.js:109:3)
    at Object.start (/usr/local/lib/node_modules/firebase-tools/lib/serve/functions.js:9:29)
    at /usr/local/lib/node_modules/firebase-tools/lib/serve/index.js:16:19
    at arrayMap (/usr/local/lib/node_modules/firebase-tools/node_modules/lodash/lodash.js:631:23)
    at Function.map (/usr/local/lib/node_modules/firebase-tools/node_modules/lodash/lodash.js:9546:14)
    at _serve (/usr/local/lib/node_modules/firebase-tools/lib/serve/index.js:14:21)
    at Command._action (/usr/local/lib/node_modules/firebase-tools/commands/serve.js:44:12)
[error] 
[error] Error: An unexpected error has occurred.
